<?xml version="1.0" encoding="UTF-8"?>
<!-- Generated by org.testng.reporters.JUnitXMLReporter -->
<testsuite hostname="Nas" ignored="11" name="smoke" tests="4" failures="1" timestamp="2022-03-27T22:24:02 EDT" time="66.541" errors="0">
  <testcase name="testMethodAuto" time="0.006" classname="progressive.qa.auto.AutoQuoteTest"/>
  <testcase name="homeQuoteTesting" time="45.915" classname="progressive.qa.home.HomeQuoteTest">
    <failure type="java.lang.AssertionError" message="null">
      <![CDATA[java.lang.AssertionError: null
at progressive.qa.home.HomeQuoteTest.homeQuoteTesting(HomeQuoteTest.java:13)
at java.util.ArrayList.forEach(ArrayList.java:1259)
... Removed 29 stack frames]]>
    </failure>
  </testcase> <!-- homeQuoteTesting -->
  <testcase name="test1" time="0.001" classname="progressive.qa.auto.AutoQuoteWithExtentReport"/>
  <testcase name="test2" time="0.001" classname="progressive.qa.auto.AutoQuoteWithExtentReport"/>
  <testcase name="testMethodAuto1" time="0.0" classname="progressive.qa.auto.AutoQuoteTest">
    <ignored/>
  </testcase> <!-- testMethodAuto1 -->
  <testcase name="autoQuoteTestingWithExcelDataProbider" time="0.0" classname="progressive.qa.auto.AutoQuoteTest">
    <ignored/>
  </testcase> <!-- autoQuoteTestingWithExcelDataProbider -->
  <testcase name="autoQuoteTestingWithExcelDataProbider" time="0.0" classname="progressive.qa.auto.AutoQuoteWithExtentReport">
    <ignored/>
  </testcase> <!-- autoQuoteTestingWithExcelDataProbider -->
  <testcase name="@BeforeSuite initiatinExtentReport" time="0.0" classname="progressive.qa.base.BaseClass">
    <ignored/>
  </testcase> <!-- @BeforeSuite initiatinExtentReport -->
  <testcase name="autoQuoteTestingWithIterator2DataProbider" time="0.0" classname="progressive.qa.auto.AutoQuoteTest">
    <ignored/>
  </testcase> <!-- autoQuoteTestingWithIterator2DataProbider -->
  <testcase name="@AfterSuite endReport" time="0.0" classname="progressive.qa.base.BaseClass">
    <ignored/>
  </testcase> <!-- @AfterSuite endReport -->
  <testcase name="@BeforeSuite initiatinExtentReport" time="0.0" classname="progressive.qa.base.BaseClass">
    <ignored/>
  </testcase> <!-- @BeforeSuite initiatinExtentReport -->
  <testcase name="autoQuoteTesting" time="0.0" classname="progressive.qa.auto.AutoQuoteTest">
    <ignored/>
  </testcase> <!-- autoQuoteTesting -->
  <testcase name="@AfterSuite endReport" time="0.0" classname="progressive.qa.base.BaseClass">
    <ignored/>
  </testcase> <!-- @AfterSuite endReport -->
  <testcase name="autoQuoteTestingWithIteratorDataProbider" time="0.0" classname="progressive.qa.auto.AutoQuoteTest">
    <ignored/>
  </testcase> <!-- autoQuoteTestingWithIteratorDataProbider -->
  <testcase name="homeTest" time="0.0" classname="progressive.qa.home.HomeQuoteTest">
    <ignored/>
  </testcase> <!-- homeTest -->
</testsuite> <!-- smoke -->
