<html>
<head>
<title>TestNG:  smoke</title>
<link href="../testng.css" rel="stylesheet" type="text/css" />
<link href="../my-testng.css" rel="stylesheet" type="text/css" />

<style type="text/css">
.log { display: none;} 
.stack-trace { display: none;} 
</style>
<script type="text/javascript">
<!--
function flip(e) {
  current = e.style.display;
  if (current == 'block') {
    e.style.display = 'none';
    return 0;
  }
  else {
    e.style.display = 'block';
    return 1;
  }
}

function toggleBox(szDivId, elem, msg1, msg2)
{
  var res = -1;  if (document.getElementById) {
    res = flip(document.getElementById(szDivId));
  }
  else if (document.all) {
    // this is the way old msie versions work
    res = flip(document.all[szDivId]);
  }
  if(elem) {
    if(res == 0) elem.innerHTML = msg1; else elem.innerHTML = msg2;
  }

}

function toggleAllBoxes() {
  if (document.getElementsByTagName) {
    d = document.getElementsByTagName('div');
    for (i = 0; i < d.length; i++) {
      if (d[i].className == 'log') {
        flip(d[i]);
      }
    }
  }
}

// -->
</script>

</head>
<body>
<h2 align='center'>smoke</h2><table border='1' align="center">
<tr>
<td>Tests passed/Failed/Skipped:</td><td>3/1/0</td>
</tr><tr>
<td>Started on:</td><td>Mon Feb 14 22:33:29 EST 2022</td>
</tr>
<tr><td>Total time:</td><td>37 seconds (37466 ms)</td>
</tr><tr>
<td>Included groups:</td><td></td>
</tr><tr>
<td>Excluded groups:</td><td>auto </td>
</tr>
</table><p/>
<small><i>(Hover the method name to see the test class name)</i></small><p/>
<table width='100%' border='1' class='invocation-failed'>
<tr><td colspan='4' align='center'><b>FAILED TESTS</b></td></tr>
<tr><td><b>Test method</b></td>
<td width="30%"><b>Exception</b></td>
<td width="10%"><b>Time (seconds)</b></td>
<td><b>Instance</b></td>
</tr>
<tr>
<td title='progressive.qa.home.HomeQuoteTest.homeQuoteTesting()'><b>homeQuoteTesting</b><br>Test class: progressive.qa.home.HomeQuoteTest<br/>
<a href="#Output-2052452680" onClick='toggleBox("Output-2052452680", this, "Show output", "Hide output");'>Show output</a>

<a href="#Output-2052452680" onClick="toggleAllBoxes();">Show all outputs</a>
<div class='log' id="Output-2052452680">
Overlay Not Found<br><br/>
src,Arrtibut Present in [[ChromeDriver: chrome on WINDOWS (bd42e3cc8adaa80c9772a568389c280e)] -> xpath: (//a[contains(.,'Home')])[2]/span/img]<br><br/>
[[ChromeDriver: chrome on WINDOWS (bd42e3cc8adaa80c9772a568389c280e)] -> xpath: (//a[contains(.,'Home')])[2]] clicked<br><br/>
Actual value : Enter ZIP Code >>><<< Expected value : Enter ZIP Code<br><br/>
[[ChromeDriver: chrome on WINDOWS (bd42e3cc8adaa80c9772a568389c280e)] -> xpath: //input[@id='zipCode_overlay' and @name='ZipCode']] Text Value entered : 11411<br><br/>
[[ChromeDriver: chrome on WINDOWS (bd42e3cc8adaa80c9772a568389c280e)] -> id: qsButton_overlay] clicked<br><br/>
</div>
</td>
<td><div><pre>java.lang.AssertionError: null
	at progressive.qa.home.HomeQuoteTest.homeQuoteTesting(HomeQuoteTest.java:13)
	at java.util.ArrayList.forEach(ArrayList.java:1259)
... Removed 29 stack frames</pre></div><a href='#' onClick='toggleBox("stack-trace2052452680", this, "Click to show all stack frames", "Click to hide stack frames")'>Click to show all stack frames</a>
<div class='stack-trace' id='stack-trace2052452680'><pre>java.lang.AssertionError: null
	at org.testng.Assert.fail(Assert.java:110)
	at org.testng.Assert.fail(Assert.java:115)
	at progressive.qa.home.HomeQuoteTest.homeQuoteTesting(HomeQuoteTest.java:13)
	at sun.reflect.NativeMethodAccessorImpl.invoke0(Native Method)
	at sun.reflect.NativeMethodAccessorImpl.invoke(NativeMethodAccessorImpl.java:62)
	at sun.reflect.DelegatingMethodAccessorImpl.invoke(DelegatingMethodAccessorImpl.java:43)
	at java.lang.reflect.Method.invoke(Method.java:498)
	at org.testng.internal.invokers.MethodInvocationHelper.invokeMethod(MethodInvocationHelper.java:135)
	at org.testng.internal.invokers.TestInvoker.invokeMethod(TestInvoker.java:673)
	at org.testng.internal.invokers.TestInvoker.invokeTestMethod(TestInvoker.java:220)
	at org.testng.internal.invokers.MethodRunner.runInSequence(MethodRunner.java:50)
	at org.testng.internal.invokers.TestInvoker$MethodInvocationAgent.invoke(TestInvoker.java:945)
	at org.testng.internal.invokers.TestInvoker.invokeTestMethods(TestInvoker.java:193)
	at org.testng.internal.invokers.TestMethodWorker.invokeTestMethods(TestMethodWorker.java:146)
	at org.testng.internal.invokers.TestMethodWorker.run(TestMethodWorker.java:128)
	at java.util.ArrayList.forEach(ArrayList.java:1259)
	at org.testng.TestRunner.privateRun(TestRunner.java:808)
	at org.testng.TestRunner.run(TestRunner.java:603)
	at org.testng.SuiteRunner.runTest(SuiteRunner.java:429)
	at org.testng.SuiteRunner.runSequentially(SuiteRunner.java:423)
	at org.testng.SuiteRunner.privateRun(SuiteRunner.java:383)
	at org.testng.SuiteRunner.run(SuiteRunner.java:326)
	at org.testng.SuiteRunnerWorker.runSuite(SuiteRunnerWorker.java:52)
	at org.testng.SuiteRunnerWorker.run(SuiteRunnerWorker.java:95)
	at org.testng.TestNG.runSuitesSequentially(TestNG.java:1249)
	at org.testng.TestNG.runSuitesLocally(TestNG.java:1169)
	at org.testng.TestNG.runSuites(TestNG.java:1092)
	at org.testng.TestNG.run(TestNG.java:1060)
	at org.testng.remote.AbstractRemoteTestNG.run(AbstractRemoteTestNG.java:115)
	at org.testng.remote.RemoteTestNG.initAndRun(RemoteTestNG.java:251)
	at org.testng.remote.RemoteTestNG.main(RemoteTestNG.java:77)
</pre></div></td>
<td>15</td>
<td>progressive.qa.home.HomeQuoteTest@1445d7f</td></tr>
</table><p>
<table width='100%' border='1' class='invocation-passed'>
<tr><td colspan='4' align='center'><b>PASSED TESTS</b></td></tr>
<tr><td><b>Test method</b></td>
<td width="30%"><b>Exception</b></td>
<td width="10%"><b>Time (seconds)</b></td>
<td><b>Instance</b></td>
</tr>
<tr>
<td title='progressive.qa.auto.AutoQuoteWithExtentReport.test2()'><b>test2</b><br>Test class: progressive.qa.auto.AutoQuoteWithExtentReport</td>
<td></td>
<td>0</td>
<td>progressive.qa.auto.AutoQuoteWithExtentReport@6a396c1e</td></tr>
<tr>
<td title='progressive.qa.auto.AutoQuoteTest.testMethodAuto()'><b>testMethodAuto</b><br>Test class: progressive.qa.auto.AutoQuoteTest<br/>
<a href="#Output-1868987089" onClick='toggleBox("Output-1868987089", this, "Show output", "Hide output");'>Show output</a>

<a href="#Output-1868987089" onClick="toggleAllBoxes();">Show all outputs</a>
<div class='log' id="Output-1868987089">
this is an auto related test 0<br><br/>
</div>
</td>
<td></td>
<td>0</td>
<td>progressive.qa.auto.AutoQuoteTest@3444d69d</td></tr>
<tr>
<td title='progressive.qa.auto.AutoQuoteWithExtentReport.test1()'><b>test1</b><br>Test class: progressive.qa.auto.AutoQuoteWithExtentReport</td>
<td></td>
<td>0</td>
<td>progressive.qa.auto.AutoQuoteWithExtentReport@6a396c1e</td></tr>
</table><p>
</body>
</html>