<?xml version="1.0" encoding="UTF-8"?>
<!-- Generated by org.testng.reporters.JUnitXMLReporter -->
<testsuite hostname="Nas" ignored="0" name="SmokeTest" tests="1" failures="0" timestamp="03 Feb 2022 04:02:13 GMT" time="3.408" errors="0">
  <testcase name="@BeforeMethod setUp" time="3.368" classname="progressive.qa.base.BaseClass">
    <failure type="java.lang.AssertionError" message="null">
      <![CDATA[java.lang.AssertionError: null
at progressive.qa.utilities.Configurable.loadProperties(Configurable.java:50)
at progressive.qa.utilities.Configurable.getInstance(Configurable.java:29)
at progressive.qa.base.BaseClass.initElements(BaseClass.java:63)
at progressive.qa.base.BaseClass.setUp(BaseClass.java:39)
... Removed 30 stack frames]]>
    </failure>
  </testcase> <!-- @BeforeMethod setUp -->
  <testcase name="@AfterMethod quttingBrowser" time="0.0" classname="progressive.qa.base.BaseClass">
    <skipped/>
  </testcase> <!-- @AfterMethod quttingBrowser -->
  <testcase name="autoQuoteTesting" time="0.0" classname="progressive.qa.auto.AutoQuoteTest">
    <skipped/>
  </testcase> <!-- autoQuoteTesting -->
</testsuite> <!-- SmokeTest -->
