<!DOCTYPE html PUBLIC "-//W3C//DTD XHTML 1.1//EN" "https://www.w3.org/TR/xhtml11/DTD/xhtml11.dtd">
<html xmlns="https://www.w3.org/1999/xhtml">
<head>
<meta http-equiv="content-type" content="text/html; charset=UTF-8"/>
<title>TestNG Report</title>
<style type="text/css">table {margin-bottom:10px;border-collapse:collapse;empty-cells:show}th,td {border:1px solid #009;padding:.25em .5em}th {vertical-align:bottom}td {vertical-align:top}table a {font-weight:bold}.stripe td {background-color: #E6EBF9}.num {text-align:right}.passedodd td {background-color: #3F3}.passedeven td {background-color: #0A0}.skippedodd td {background-color: #DDD}.skippedeven td {background-color: #CCC}.failedodd td,.attn {background-color: #F33}.failedeven td,.stripe .attn {background-color: #D00}.stacktrace {white-space:pre;font-family:monospace}.totop {font-size:85%;text-align:center;border-bottom:2px solid #000}.invisible {display:none}</style>
</head>
<body>
<table>
<tr><th>Test</th><th># Passed</th><th># Skipped</th><th># Retried</th><th># Failed</th><th>Time (ms)</th><th>Included Groups</th><th>Excluded Groups</th></tr>
<tr><th colspan="8">Surefire suite</th></tr>
<tr><td><a href="#t0">Surefire test</a></td><td class="num">0</td><td class="num attn">15</td><td class="num">0</td><td class="num">0</td><td class="num">807</td><td></td><td></td></tr>
</table>
<table id='summary'><thead><tr><th>Class</th><th>Method</th><th>Start</th><th>Time (ms)</th></tr></thead><tbody><tr><th colspan="4">Surefire suite</th></tr></tbody><tbody id="t0"><tr><th colspan="4">Surefire test &#8212; failed (configuration methods)</th></tr><tr class="failedeven"><td rowspan="1">progressive.qa.auto.AutoQuoteTest</td><td><a href="#m0">setUp</a></td><td rowspan="1">1646452255305</td><td rowspan="1">-1646452255305</td></tr><tr class="failedodd"><td rowspan="1">progressive.qa.home.HomeQuoteTest</td><td><a href="#m1">setUp</a></td><td rowspan="1">1646452255342</td><td rowspan="1">-1646452255342</td></tr><tr><th colspan="4">Surefire test &#8212; skipped (configuration methods)</th></tr><tr class="skippedeven"><td rowspan="34">progressive.qa.auto.AutoQuoteTest</td><td><a href="#m2">afterEachTest</a></td><td rowspan="12">1646452255336</td><td rowspan="12">0</td></tr><tr class="skippedeven"><td><a href="#m3">afterEachTest</a></td></tr><tr class="skippedeven"><td><a href="#m4">afterEachTest</a></td></tr><tr class="skippedeven"><td><a href="#m5">afterEachTest</a></td></tr><tr class="skippedeven"><td><a href="#m6">afterEachTest</a></td></tr><tr class="skippedeven"><td><a href="#m7">afterEachTest</a></td></tr><tr class="skippedeven"><td><a href="#m8">afterEachTest</a></td></tr><tr class="skippedeven"><td><a href="#m9">afterEachTest</a></td></tr><tr class="skippedeven"><td><a href="#m10">afterEachTest</a></td></tr><tr class="skippedeven"><td><a href="#m11">afterEachTest</a></td></tr><tr class="skippedeven"><td><a href="#m12">afterEachTest</a></td></tr><tr class="skippedeven"><td><a href="#m13">afterEachTest</a></td></tr><tr class="skippedeven"><td><a href="#m14">beforeEachTest</a></td><td rowspan="11">1646452255339</td><td rowspan="11">0</td></tr><tr class="skippedeven"><td><a href="#m15">beforeEachTest</a></td></tr><tr class="skippedeven"><td><a href="#m16">beforeEachTest</a></td></tr><tr class="skippedeven"><td><a href="#m17">beforeEachTest</a></td></tr><tr class="skippedeven"><td><a href="#m18">beforeEachTest</a></td></tr><tr class="skippedeven"><td><a href="#m19">beforeEachTest</a></td></tr><tr class="skippedeven"><td><a href="#m20">beforeEachTest</a></td></tr><tr class="skippedeven"><td><a href="#m21">beforeEachTest</a></td></tr><tr class="skippedeven"><td><a href="#m22">beforeEachTest</a></td></tr><tr class="skippedeven"><td><a href="#m23">beforeEachTest</a></td></tr><tr class="skippedeven"><td><a href="#m24">beforeEachTest</a></td></tr><tr class="skippedeven"><td><a href="#m25">setUp</a></td><td rowspan="11">1646452255336</td><td rowspan="11">0</td></tr><tr class="skippedeven"><td><a href="#m26">setUp</a></td></tr><tr class="skippedeven"><td><a href="#m27">setUp</a></td></tr><tr class="skippedeven"><td><a href="#m28">setUp</a></td></tr><tr class="skippedeven"><td><a href="#m29">setUp</a></td></tr><tr class="skippedeven"><td><a href="#m30">setUp</a></td></tr><tr class="skippedeven"><td><a href="#m31">setUp</a></td></tr><tr class="skippedeven"><td><a href="#m32">setUp</a></td></tr><tr class="skippedeven"><td><a href="#m33">setUp</a></td></tr><tr class="skippedeven"><td><a href="#m34">setUp</a></td></tr><tr class="skippedeven"><td><a href="#m35">setUp</a></td></tr><tr class="skippedodd"><td rowspan="4">progressive.qa.home.HomeQuoteTest</td><td><a href="#m36">afterEachTest</a></td><td rowspan="2">1646452255343</td><td rowspan="2">0</td></tr><tr class="skippedodd"><td><a href="#m37">afterEachTest</a></td></tr><tr class="skippedodd"><td><a href="#m38">beforeEachTest</a></td><td rowspan="1">1646452255344</td><td rowspan="1">0</td></tr><tr class="skippedodd"><td><a href="#m39">setUp</a></td><td rowspan="1">1646452255344</td><td rowspan="1">0</td></tr><tr><th colspan="4">Surefire test &#8212; skipped</th></tr><tr class="skippedeven"><td rowspan="13">progressive.qa.auto.AutoQuoteTest</td><td><a href="#m40">autoQuoteTesting</a></td><td rowspan="1">1646452255339</td><td rowspan="1">0</td></tr><tr class="skippedeven"><td><a href="#m41">autoQuoteTestingWithExcelDataProbider</a></td><td rowspan="4">1646452255316</td><td rowspan="4">0</td></tr><tr class="skippedeven"><td><a href="#m42">autoQuoteTestingWithExcelDataProbider</a></td></tr><tr class="skippedeven"><td><a href="#m43">autoQuoteTestingWithExcelDataProbider</a></td></tr><tr class="skippedeven"><td><a href="#m44">autoQuoteTestingWithExcelDataProbider</a></td></tr><tr class="skippedeven"><td><a href="#m45">autoQuoteTestingWithIterator2DataProbider</a></td><td rowspan="3">1646452255322</td><td rowspan="3">0</td></tr><tr class="skippedeven"><td><a href="#m46">autoQuoteTestingWithIterator2DataProbider</a></td></tr><tr class="skippedeven"><td><a href="#m47">autoQuoteTestingWithIterator2DataProbider</a></td></tr><tr class="skippedeven"><td><a href="#m48">autoQuoteTestingWithIteratorDataProbider</a></td><td rowspan="3">1646452255335</td><td rowspan="3">0</td></tr><tr class="skippedeven"><td><a href="#m49">autoQuoteTestingWithIteratorDataProbider</a></td></tr><tr class="skippedeven"><td><a href="#m50">autoQuoteTestingWithIteratorDataProbider</a></td></tr><tr class="skippedeven"><td><a href="#m51">testMethodAuto</a></td><td rowspan="1">1646452255341</td><td rowspan="1">0</td></tr><tr class="skippedeven"><td><a href="#m52">testMethodAuto1</a></td><td rowspan="1">1646452255338</td><td rowspan="1">0</td></tr><tr class="skippedodd"><td rowspan="2">progressive.qa.home.HomeQuoteTest</td><td><a href="#m53">homeQuoteTesting</a></td><td rowspan="1">1646452255343</td><td rowspan="1">0</td></tr><tr class="skippedodd"><td><a href="#m54">homeTest</a></td><td rowspan="1">1646452255344</td><td rowspan="1">0</td></tr></tbody>
</table>
<h2>Surefire test</h2><h3 id="m0">progressive.qa.auto.AutoQuoteTest#setUp</h3><table class="result"><tr><th>Exception</th></tr><tr><td><div class="stacktrace">org.testng.TestNGException: 
Parameter &apos;browser&apos; is required by BeforeMethod on method setUp but has not been marked @Optional or defined

	at java.util.ArrayList.forEach(ArrayList.java:1259)
... Removed 33 stack frames</div></td></tr></table><p class="totop"><a href="#summary">back to summary</a></p>
<h3 id="m1">progressive.qa.home.HomeQuoteTest#setUp</h3><table class="result"><tr><th>Exception</th></tr><tr><td><div class="stacktrace">org.testng.TestNGException: 
Parameter &apos;browser&apos; is required by BeforeMethod on method setUp but has not been marked @Optional or defined

	at java.util.ArrayList.forEach(ArrayList.java:1259)
... Removed 33 stack frames</div></td></tr></table><p class="totop"><a href="#summary">back to summary</a></p>
<h3 id="m2">progressive.qa.auto.AutoQuoteTest#afterEachTest</h3><table class="result"><tr><th class="invisible"/></tr></table><p class="totop"><a href="#summary">back to summary</a></p>
<h3 id="m3">progressive.qa.auto.AutoQuoteTest#afterEachTest</h3><table class="result"><tr><th class="invisible"/></tr></table><p class="totop"><a href="#summary">back to summary</a></p>
<h3 id="m4">progressive.qa.auto.AutoQuoteTest#afterEachTest</h3><table class="result"><tr><th class="invisible"/></tr></table><p class="totop"><a href="#summary">back to summary</a></p>
<h3 id="m5">progressive.qa.auto.AutoQuoteTest#afterEachTest</h3><table class="result"><tr><th class="invisible"/></tr></table><p class="totop"><a href="#summary">back to summary</a></p>
<h3 id="m6">progressive.qa.auto.AutoQuoteTest#afterEachTest</h3><table class="result"><tr><th class="invisible"/></tr></table><p class="totop"><a href="#summary">back to summary</a></p>
<h3 id="m7">progressive.qa.auto.AutoQuoteTest#afterEachTest</h3><table class="result"><tr><th class="invisible"/></tr></table><p class="totop"><a href="#summary">back to summary</a></p>
<h3 id="m8">progressive.qa.auto.AutoQuoteTest#afterEachTest</h3><table class="result"><tr><th class="invisible"/></tr></table><p class="totop"><a href="#summary">back to summary</a></p>
<h3 id="m9">progressive.qa.auto.AutoQuoteTest#afterEachTest</h3><table class="result"><tr><th class="invisible"/></tr></table><p class="totop"><a href="#summary">back to summary</a></p>
<h3 id="m10">progressive.qa.auto.AutoQuoteTest#afterEachTest</h3><table class="result"><tr><th class="invisible"/></tr></table><p class="totop"><a href="#summary">back to summary</a></p>
<h3 id="m11">progressive.qa.auto.AutoQuoteTest#afterEachTest</h3><table class="result"><tr><th class="invisible"/></tr></table><p class="totop"><a href="#summary">back to summary</a></p>
<h3 id="m12">progressive.qa.auto.AutoQuoteTest#afterEachTest</h3><table class="result"><tr><th class="invisible"/></tr></table><p class="totop"><a href="#summary">back to summary</a></p>
<h3 id="m13">progressive.qa.auto.AutoQuoteTest#afterEachTest</h3><table class="result"><tr><th class="invisible"/></tr></table><p class="totop"><a href="#summary">back to summary</a></p>
<h3 id="m14">progressive.qa.auto.AutoQuoteTest#beforeEachTest</h3><table class="result"><tr><th class="invisible"/></tr></table><p class="totop"><a href="#summary">back to summary</a></p>
<h3 id="m15">progressive.qa.auto.AutoQuoteTest#beforeEachTest</h3><table class="result"><tr><th class="invisible"/></tr></table><p class="totop"><a href="#summary">back to summary</a></p>
<h3 id="m16">progressive.qa.auto.AutoQuoteTest#beforeEachTest</h3><table class="result"><tr><th class="invisible"/></tr></table><p class="totop"><a href="#summary">back to summary</a></p>
<h3 id="m17">progressive.qa.auto.AutoQuoteTest#beforeEachTest</h3><table class="result"><tr><th class="invisible"/></tr></table><p class="totop"><a href="#summary">back to summary</a></p>
<h3 id="m18">progressive.qa.auto.AutoQuoteTest#beforeEachTest</h3><table class="result"><tr><th class="invisible"/></tr></table><p class="totop"><a href="#summary">back to summary</a></p>
<h3 id="m19">progressive.qa.auto.AutoQuoteTest#beforeEachTest</h3><table class="result"><tr><th class="invisible"/></tr></table><p class="totop"><a href="#summary">back to summary</a></p>
<h3 id="m20">progressive.qa.auto.AutoQuoteTest#beforeEachTest</h3><table class="result"><tr><th class="invisible"/></tr></table><p class="totop"><a href="#summary">back to summary</a></p>
<h3 id="m21">progressive.qa.auto.AutoQuoteTest#beforeEachTest</h3><table class="result"><tr><th class="invisible"/></tr></table><p class="totop"><a href="#summary">back to summary</a></p>
<h3 id="m22">progressive.qa.auto.AutoQuoteTest#beforeEachTest</h3><table class="result"><tr><th class="invisible"/></tr></table><p class="totop"><a href="#summary">back to summary</a></p>
<h3 id="m23">progressive.qa.auto.AutoQuoteTest#beforeEachTest</h3><table class="result"><tr><th class="invisible"/></tr></table><p class="totop"><a href="#summary">back to summary</a></p>
<h3 id="m24">progressive.qa.auto.AutoQuoteTest#beforeEachTest</h3><table class="result"><tr><th class="invisible"/></tr></table><p class="totop"><a href="#summary">back to summary</a></p>
<h3 id="m25">progressive.qa.auto.AutoQuoteTest#setUp</h3><table class="result"><tr><th class="invisible"/></tr></table><p class="totop"><a href="#summary">back to summary</a></p>
<h3 id="m26">progressive.qa.auto.AutoQuoteTest#setUp</h3><table class="result"><tr><th class="invisible"/></tr></table><p class="totop"><a href="#summary">back to summary</a></p>
<h3 id="m27">progressive.qa.auto.AutoQuoteTest#setUp</h3><table class="result"><tr><th class="invisible"/></tr></table><p class="totop"><a href="#summary">back to summary</a></p>
<h3 id="m28">progressive.qa.auto.AutoQuoteTest#setUp</h3><table class="result"><tr><th class="invisible"/></tr></table><p class="totop"><a href="#summary">back to summary</a></p>
<h3 id="m29">progressive.qa.auto.AutoQuoteTest#setUp</h3><table class="result"><tr><th class="invisible"/></tr></table><p class="totop"><a href="#summary">back to summary</a></p>
<h3 id="m30">progressive.qa.auto.AutoQuoteTest#setUp</h3><table class="result"><tr><th class="invisible"/></tr></table><p class="totop"><a href="#summary">back to summary</a></p>
<h3 id="m31">progressive.qa.auto.AutoQuoteTest#setUp</h3><table class="result"><tr><th class="invisible"/></tr></table><p class="totop"><a href="#summary">back to summary</a></p>
<h3 id="m32">progressive.qa.auto.AutoQuoteTest#setUp</h3><table class="result"><tr><th class="invisible"/></tr></table><p class="totop"><a href="#summary">back to summary</a></p>
<h3 id="m33">progressive.qa.auto.AutoQuoteTest#setUp</h3><table class="result"><tr><th class="invisible"/></tr></table><p class="totop"><a href="#summary">back to summary</a></p>
<h3 id="m34">progressive.qa.auto.AutoQuoteTest#setUp</h3><table class="result"><tr><th class="invisible"/></tr></table><p class="totop"><a href="#summary">back to summary</a></p>
<h3 id="m35">progressive.qa.auto.AutoQuoteTest#setUp</h3><table class="result"><tr><th class="invisible"/></tr></table><p class="totop"><a href="#summary">back to summary</a></p>
<h3 id="m36">progressive.qa.home.HomeQuoteTest#afterEachTest</h3><table class="result"><tr><th class="invisible"/></tr></table><p class="totop"><a href="#summary">back to summary</a></p>
<h3 id="m37">progressive.qa.home.HomeQuoteTest#afterEachTest</h3><table class="result"><tr><th class="invisible"/></tr></table><p class="totop"><a href="#summary">back to summary</a></p>
<h3 id="m38">progressive.qa.home.HomeQuoteTest#beforeEachTest</h3><table class="result"><tr><th class="invisible"/></tr></table><p class="totop"><a href="#summary">back to summary</a></p>
<h3 id="m39">progressive.qa.home.HomeQuoteTest#setUp</h3><table class="result"><tr><th class="invisible"/></tr></table><p class="totop"><a href="#summary">back to summary</a></p>
<h3 id="m40">progressive.qa.auto.AutoQuoteTest#autoQuoteTesting</h3><table class="result"><tr><th>Exception</th></tr><tr><td><div class="stacktrace">org.testng.TestNGException: 
Parameter &apos;browser&apos; is required by BeforeMethod on method setUp but has not been marked @Optional or defined

	at java.util.ArrayList.forEach(ArrayList.java:1259)
... Removed 33 stack frames</div></td></tr></table><p class="totop"><a href="#summary">back to summary</a></p>
<h3 id="m41">progressive.qa.auto.AutoQuoteTest#autoQuoteTestingWithExcelDataProbider</h3><table class="result"><tr class="param"><th>Parameter #1</th><th>Parameter #2</th><th>Parameter #3</th><th>Parameter #4</th><th>Parameter #5</th><th>Parameter #6</th><th>Parameter #7</th><th>Parameter #8</th><th>Parameter #9</th><th>Parameter #10</th><th>Parameter #11</th></tr><tr class="param stripe"><td>10472</td><td>Enter ZIP Code</td><td>Name &amp; Birthdate</td><td>Bright</td><td>Girl</td><td>JR</td><td>03/05/1999</td><td>1945 Paul Ave</td><td>1c</td><td>Bronx</td><td>Tell us about your vehicle(s)…</td></tr><tr><th colspan="11">Exception</th></tr><tr><td colspan="11"><div class="stacktrace">org.testng.TestNGException: 
Parameter &apos;browser&apos; is required by BeforeMethod on method setUp but has not been marked @Optional or defined

	at java.util.ArrayList.forEach(ArrayList.java:1259)
... Removed 33 stack frames</div></td></tr></table><p class="totop"><a href="#summary">back to summary</a></p>
<h3 id="m42">progressive.qa.auto.AutoQuoteTest#autoQuoteTestingWithExcelDataProbider</h3><table class="result"><tr class="param"><th>Parameter #1</th><th>Parameter #2</th><th>Parameter #3</th><th>Parameter #4</th><th>Parameter #5</th><th>Parameter #6</th><th>Parameter #7</th><th>Parameter #8</th><th>Parameter #9</th><th>Parameter #10</th><th>Parameter #11</th></tr><tr class="param stripe"><td>10472</td><td>Enter ZIP Code</td><td>Name &amp; Birthdate</td><td>Bright</td><td>Boy</td><td>JR</td><td>02/05/1999</td><td>1943 Paul Ave</td><td>5b</td><td>Bronx</td><td>Tell us about your vehicle(s)…</td></tr><tr><th colspan="11">Exception</th></tr><tr><td colspan="11"><div class="stacktrace">org.testng.TestNGException: 
Parameter &apos;browser&apos; is required by BeforeMethod on method setUp but has not been marked @Optional or defined

	at java.util.ArrayList.forEach(ArrayList.java:1259)
... Removed 33 stack frames</div></td></tr></table><p class="totop"><a href="#summary">back to summary</a></p>
<h3 id="m43">progressive.qa.auto.AutoQuoteTest#autoQuoteTestingWithExcelDataProbider</h3><table class="result"><tr class="param"><th>Parameter #1</th><th>Parameter #2</th><th>Parameter #3</th><th>Parameter #4</th><th>Parameter #5</th><th>Parameter #6</th><th>Parameter #7</th><th>Parameter #8</th><th>Parameter #9</th><th>Parameter #10</th><th>Parameter #11</th></tr><tr class="param stripe"><td>10473</td><td>Enter ZIP Code</td><td>Name &amp; Birthdate</td><td>Talent</td><td>Boy</td><td>SR</td><td>11/11/1988</td><td>1020 Paul Ave</td><td>4b</td><td>Bronx</td><td>Tell us about your vehicle(s)…</td></tr><tr><th colspan="11">Exception</th></tr><tr><td colspan="11"><div class="stacktrace">org.testng.TestNGException: 
Parameter &apos;browser&apos; is required by BeforeMethod on method setUp but has not been marked @Optional or defined

	at java.util.ArrayList.forEach(ArrayList.java:1259)
... Removed 33 stack frames</div></td></tr></table><p class="totop"><a href="#summary">back to summary</a></p>
<h3 id="m44">progressive.qa.auto.AutoQuoteTest#autoQuoteTestingWithExcelDataProbider</h3><table class="result"><tr class="param"><th>Parameter #1</th><th>Parameter #2</th><th>Parameter #3</th><th>Parameter #4</th><th>Parameter #5</th><th>Parameter #6</th><th>Parameter #7</th><th>Parameter #8</th><th>Parameter #9</th><th>Parameter #10</th><th>Parameter #11</th></tr><tr class="param stripe"><td>null</td><td>null</td><td>null</td><td>null</td><td>null</td><td>null</td><td>null</td><td>null</td><td>null</td><td>null</td><td>null</td></tr><tr><th colspan="11">Exception</th></tr><tr><td colspan="11"><div class="stacktrace">org.testng.TestNGException: 
Parameter &apos;browser&apos; is required by BeforeMethod on method setUp but has not been marked @Optional or defined

	at java.util.ArrayList.forEach(ArrayList.java:1259)
... Removed 33 stack frames</div></td></tr></table><p class="totop"><a href="#summary">back to summary</a></p>
<h3 id="m45">progressive.qa.auto.AutoQuoteTest#autoQuoteTestingWithIterator2DataProbider</h3><table class="result"><tr class="param"><th>Parameter #1</th></tr><tr class="param stripe"><td>progressive.qa.data.ZipCodeData@4f5991f6</td></tr><tr><th>Exception</th></tr><tr><td><div class="stacktrace">org.testng.TestNGException: 
Parameter &apos;browser&apos; is required by BeforeMethod on method setUp but has not been marked @Optional or defined

	at java.util.ArrayList.forEach(ArrayList.java:1259)
... Removed 33 stack frames</div></td></tr></table><p class="totop"><a href="#summary">back to summary</a></p>
<h3 id="m46">progressive.qa.auto.AutoQuoteTest#autoQuoteTestingWithIterator2DataProbider</h3><table class="result"><tr class="param"><th>Parameter #1</th></tr><tr class="param stripe"><td>progressive.qa.data.ZipCodeData@764faa6</td></tr><tr><th>Exception</th></tr><tr><td><div class="stacktrace">org.testng.TestNGException: 
Parameter &apos;browser&apos; is required by BeforeMethod on method setUp but has not been marked @Optional or defined

	at java.util.ArrayList.forEach(ArrayList.java:1259)
... Removed 33 stack frames</div></td></tr></table><p class="totop"><a href="#summary">back to summary</a></p>
<h3 id="m47">progressive.qa.auto.AutoQuoteTest#autoQuoteTestingWithIterator2DataProbider</h3><table class="result"><tr class="param"><th>Parameter #1</th></tr><tr class="param stripe"><td>progressive.qa.data.ZipCodeData@2c07545f</td></tr><tr><th>Messages</th></tr><tr><td><div class="messages">Name & Birthdate<br><br/>Name & Birthdate<br><br/>Name & Birthdate<br></div></td></tr><tr><th>Exception</th></tr><tr><td><div class="stacktrace">org.testng.TestNGException: 
Parameter &apos;browser&apos; is required by BeforeMethod on method setUp but has not been marked @Optional or defined

	at java.util.ArrayList.forEach(ArrayList.java:1259)
... Removed 33 stack frames</div></td></tr></table><p class="totop"><a href="#summary">back to summary</a></p>
<h3 id="m48">progressive.qa.auto.AutoQuoteTest#autoQuoteTestingWithIteratorDataProbider</h3><table class="result"><tr class="param"><th>Parameter #1</th></tr><tr class="param stripe"><td>progressive.qa.data.AutoDataClass@d62fe5b</td></tr><tr><th>Exception</th></tr><tr><td><div class="stacktrace">org.testng.TestNGException: 
Parameter &apos;browser&apos; is required by BeforeMethod on method setUp but has not been marked @Optional or defined

	at java.util.ArrayList.forEach(ArrayList.java:1259)
... Removed 33 stack frames</div></td></tr></table><p class="totop"><a href="#summary">back to summary</a></p>
<h3 id="m49">progressive.qa.auto.AutoQuoteTest#autoQuoteTestingWithIteratorDataProbider</h3><table class="result"><tr class="param"><th>Parameter #1</th></tr><tr class="param stripe"><td>progressive.qa.data.AutoDataClass@e70f13a</td></tr><tr><th>Exception</th></tr><tr><td><div class="stacktrace">org.testng.TestNGException: 
Parameter &apos;browser&apos; is required by BeforeMethod on method setUp but has not been marked @Optional or defined

	at java.util.ArrayList.forEach(ArrayList.java:1259)
... Removed 33 stack frames</div></td></tr></table><p class="totop"><a href="#summary">back to summary</a></p>
<h3 id="m50">progressive.qa.auto.AutoQuoteTest#autoQuoteTestingWithIteratorDataProbider</h3><table class="result"><tr class="param"><th>Parameter #1</th></tr><tr class="param stripe"><td>progressive.qa.data.AutoDataClass@27eedb64</td></tr><tr><th>Exception</th></tr><tr><td><div class="stacktrace">org.testng.TestNGException: 
Parameter &apos;browser&apos; is required by BeforeMethod on method setUp but has not been marked @Optional or defined

	at java.util.ArrayList.forEach(ArrayList.java:1259)
... Removed 33 stack frames</div></td></tr></table><p class="totop"><a href="#summary">back to summary</a></p>
<h3 id="m51">progressive.qa.auto.AutoQuoteTest#testMethodAuto</h3><table class="result"><tr><th>Exception</th></tr><tr><td><div class="stacktrace">java.lang.Throwable: Method progressive.qa.auto.AutoQuoteTest.testMethodAuto() on instance progressive.qa.auto.AutoQuoteTest@2641e737 depends on not successfully finished methods 
[progressive.qa.auto.AutoQuoteTest.autoQuoteTesting() on instance progressive.qa.auto.AutoQuoteTest@2641e737]
	at java.util.ArrayList.forEach(ArrayList.java:1259)
... Removed 23 stack frames</div></td></tr></table><p class="totop"><a href="#summary">back to summary</a></p>
<h3 id="m52">progressive.qa.auto.AutoQuoteTest#testMethodAuto1</h3><table class="result"><tr><th>Exception</th></tr><tr><td><div class="stacktrace">org.testng.TestNGException: 
Parameter &apos;browser&apos; is required by BeforeMethod on method setUp but has not been marked @Optional or defined

	at java.util.ArrayList.forEach(ArrayList.java:1259)
... Removed 33 stack frames</div></td></tr></table><p class="totop"><a href="#summary">back to summary</a></p>
<h3 id="m53">progressive.qa.home.HomeQuoteTest#homeQuoteTesting</h3><table class="result"><tr><th>Exception</th></tr><tr><td><div class="stacktrace">org.testng.TestNGException: 
Parameter &apos;browser&apos; is required by BeforeMethod on method setUp but has not been marked @Optional or defined

	at java.util.ArrayList.forEach(ArrayList.java:1259)
... Removed 33 stack frames</div></td></tr></table><p class="totop"><a href="#summary">back to summary</a></p>
<h3 id="m54">progressive.qa.home.HomeQuoteTest#homeTest</h3><table class="result"><tr><th>Exception</th></tr><tr><td><div class="stacktrace">org.testng.TestNGException: 
Parameter &apos;browser&apos; is required by BeforeMethod on method setUp but has not been marked @Optional or defined

	at java.util.ArrayList.forEach(ArrayList.java:1259)
... Removed 33 stack frames</div></td></tr></table><p class="totop"><a href="#summary">back to summary</a></p>
</body>
</html>
