<?xml version="1.0" encoding="UTF-8"?>
<testng-results skipped="0" failed="1" ignored="11" total="15" passed="3">
  <reporter-output>
    <line>
      <![CDATA[My OS version is Windows 10<br>]]>
    </line>
    <line>
      <![CDATA[this is an auto related test 0<br>]]>
    </line>
    <line>
      <![CDATA[My OS version is Windows 10<br>]]>
    </line>
    <line>
      <![CDATA[Overlay Not Found<br>]]>
    </line>
    <line>
      <![CDATA[src,Arrtibut Not Present in Proxy element for: DefaultElementLocator 'By.xpath: (//a[contains(.,'Home')])[2]/span/img'
no such element: Unable to locate element: {"method":"xpath","selector":"(//a[contains(.,'Home')])[2]/span/img"}
  (Session info: chrome=99.0.4844.82)
For documentation on this error, please visit: https://selenium.dev/exceptions/#no_such_element
Build info: version: '4.1.1', revision: 'e8fcc2cecf'
System info: host: 'NAS', ip: '192.168.1.168', os.name: 'Windows 10', os.arch: 'amd64', os.version: '10.0', java.version: '1.8.0_301'
Driver info: org.openqa.selenium.chrome.ChromeDriver
Command: [cc141270f0f0381b06c7c561e94c984c, findElement {using=xpath, value=(//a[contains(.,'Home')])[2]/span/img}]
Capabilities {acceptInsecureCerts: false, browserName: chrome, browserVersion: 99.0.4844.82, chrome: {chromedriverVersion: 99.0.4844.51 (d537ec02474b5..., userDataDir: C:\Users\mdnas\AppData\Loca...}, goog:chromeOptions: {debuggerAddress: localhost:50817}, javascriptEnabled: true, networkConnectionEnabled: false, pageLoadStrategy: normal, platform: WINDOWS, platformName: WINDOWS, proxy: Proxy(), se:cdp: ws://localhost:50817/devtoo..., se:cdpVersion: 99.0.4844.82, setWindowRect: true, strictFileInteractability: false, timeouts: {implicit: 0, pageLoad: 300000, script: 30000}, unhandledPromptBehavior: dismiss and notify, webauthn:extension:credBlob: true, webauthn:extension:largeBlob: true, webauthn:virtualAuthenticators: true}
Session ID: cc141270f0f0381b06c7c561e94c984c<br>]]>
    </line>
    <line>
      <![CDATA[[[ChromeDriver: chrome on WINDOWS (cc141270f0f0381b06c7c561e94c984c)] -> xpath: (//a[contains(.,'Property')])[1]] clicked<br>]]>
    </line>
    <line>
      <![CDATA[Actual value : Enter ZIP Code >>><<< Expected value : Enter ZIP Code<br>]]>
    </line>
    <line>
      <![CDATA[[[ChromeDriver: chrome on WINDOWS (cc141270f0f0381b06c7c561e94c984c)] -> xpath: (//input[@name='ZipCode'])[2]] clicked<br>]]>
    </line>
    <line>
      <![CDATA[[[ChromeDriver: chrome on WINDOWS (cc141270f0f0381b06c7c561e94c984c)] -> xpath: (//input[@name='ZipCode'])[2]] Text Value entered : 11411<br>]]>
    </line>
    <line>
      <![CDATA[[[ChromeDriver: chrome on WINDOWS (cc141270f0f0381b06c7c561e94c984c)] -> id: qsButton_overlay_subproducts] clicked<br>]]>
    </line>
    <line>
      <![CDATA[Error Occured!!! 
Screenshot has been saved here :C:\Users\mdnas\eclipse-workspace\progressive.qa\screenShots\homeQuoteTesting_03.27.2022_22.23.52_errorShot.png<br>]]>
    </line>
    <line>
      <![CDATA[My OS version is Windows 10<br>]]>
    </line>
    <line>
      <![CDATA[My OS version is Windows 10<br>]]>
    </line>
  </reporter-output>
  <suite name="SmokeSuite" duration-ms="66541" started-at="2022-03-27T22:22:56 EDT" finished-at="2022-03-27T22:24:02 EDT">
    <groups>
      <group name="home">
        <method signature="HomeQuoteTest.homeQuoteTesting()[pri:0, instance:progressive.qa.home.HomeQuoteTest@6c3f5566]" name="homeQuoteTesting" class="progressive.qa.home.HomeQuoteTest"/>
      </group> <!-- home -->
    </groups>
    <test name="smoke" duration-ms="66541" started-at="2022-03-27T22:22:56 EDT" finished-at="2022-03-27T22:24:02 EDT">
      <class name="progressive.qa.home.HomeQuoteTest">
        <test-method status="PASS" signature="beforeEachTest(java.lang.reflect.Method)[pri:0, instance:progressive.qa.home.HomeQuoteTest@6c3f5566]" name="beforeEachTest" is-config="true" duration-ms="1" started-at="2022-03-27T22:23:02 EDT" finished-at="2022-03-27T22:23:02 EDT">
          <params>
            <param index="0">
              <value>
                <![CDATA[public void progressive.qa.home.HomeQuoteTest.homeQuoteTesting()]]>
              </value>
            </param>
          </params>
          <reporter-output>
          </reporter-output>
        </test-method> <!-- beforeEachTest -->
        <test-method status="PASS" signature="setUp(java.lang.String,java.lang.String)[pri:0, instance:progressive.qa.home.HomeQuoteTest@6c3f5566]" name="setUp" is-config="true" duration-ms="4378" started-at="2022-03-27T22:23:02 EDT" finished-at="2022-03-27T22:23:06 EDT">
          <params>
            <param index="0">
              <value>
                <![CDATA[chrome]]>
              </value>
            </param>
            <param index="1">
              <value>
                <![CDATA[default]]>
              </value>
            </param>
          </params>
          <reporter-output>
            <line>
              <![CDATA[My OS version is Windows 10<br>]]>
            </line>
          </reporter-output>
        </test-method> <!-- setUp -->
        <test-method status="FAIL" signature="homeQuoteTesting()[pri:0, instance:progressive.qa.home.HomeQuoteTest@6c3f5566]" name="homeQuoteTesting" duration-ms="45915" started-at="2022-03-27T22:23:06 EDT" finished-at="2022-03-27T22:23:52 EDT">
          <exception class="java.lang.AssertionError">
            <message>
              <![CDATA[null]]>
            </message>
            <full-stacktrace>
              <![CDATA[java.lang.AssertionError: null
at org.testng.Assert.fail(Assert.java:110)
at org.testng.Assert.fail(Assert.java:115)
at progressive.qa.home.HomeQuoteTest.homeQuoteTesting(HomeQuoteTest.java:13)
at sun.reflect.NativeMethodAccessorImpl.invoke0(Native Method)
at sun.reflect.NativeMethodAccessorImpl.invoke(NativeMethodAccessorImpl.java:62)
at sun.reflect.DelegatingMethodAccessorImpl.invoke(DelegatingMethodAccessorImpl.java:43)
at java.lang.reflect.Method.invoke(Method.java:498)
at org.testng.internal.invokers.MethodInvocationHelper.invokeMethod(MethodInvocationHelper.java:135)
at org.testng.internal.invokers.TestInvoker.invokeMethod(TestInvoker.java:673)
at org.testng.internal.invokers.TestInvoker.invokeTestMethod(TestInvoker.java:220)
at org.testng.internal.invokers.MethodRunner.runInSequence(MethodRunner.java:50)
at org.testng.internal.invokers.TestInvoker$MethodInvocationAgent.invoke(TestInvoker.java:945)
at org.testng.internal.invokers.TestInvoker.invokeTestMethods(TestInvoker.java:193)
at org.testng.internal.invokers.TestMethodWorker.invokeTestMethods(TestMethodWorker.java:146)
at org.testng.internal.invokers.TestMethodWorker.run(TestMethodWorker.java:128)
at java.util.ArrayList.forEach(ArrayList.java:1259)
at org.testng.TestRunner.privateRun(TestRunner.java:808)
at org.testng.TestRunner.run(TestRunner.java:603)
at org.testng.SuiteRunner.runTest(SuiteRunner.java:429)
at org.testng.SuiteRunner.runSequentially(SuiteRunner.java:423)
at org.testng.SuiteRunner.privateRun(SuiteRunner.java:383)
at org.testng.SuiteRunner.run(SuiteRunner.java:326)
at org.testng.SuiteRunnerWorker.runSuite(SuiteRunnerWorker.java:52)
at org.testng.SuiteRunnerWorker.run(SuiteRunnerWorker.java:95)
at org.testng.TestNG.runSuitesSequentially(TestNG.java:1249)
at org.testng.TestNG.runSuitesLocally(TestNG.java:1169)
at org.testng.TestNG.runSuites(TestNG.java:1092)
at org.testng.TestNG.run(TestNG.java:1060)
at org.testng.remote.AbstractRemoteTestNG.run(AbstractRemoteTestNG.java:115)
at org.testng.remote.RemoteTestNG.initAndRun(RemoteTestNG.java:251)
at org.testng.remote.RemoteTestNG.main(RemoteTestNG.java:77)
]]>
            </full-stacktrace>
          </exception> <!-- java.lang.AssertionError -->
          <reporter-output>
            <line>
              <![CDATA[Overlay Not Found<br>]]>
            </line>
            <line>
              <![CDATA[src,Arrtibut Not Present in Proxy element for: DefaultElementLocator 'By.xpath: (//a[contains(.,'Home')])[2]/span/img'
no such element: Unable to locate element: {"method":"xpath","selector":"(//a[contains(.,'Home')])[2]/span/img"}
  (Session info: chrome=99.0.4844.82)
For documentation on this error, please visit: https://selenium.dev/exceptions/#no_such_element
Build info: version: '4.1.1', revision: 'e8fcc2cecf'
System info: host: 'NAS', ip: '192.168.1.168', os.name: 'Windows 10', os.arch: 'amd64', os.version: '10.0', java.version: '1.8.0_301'
Driver info: org.openqa.selenium.chrome.ChromeDriver
Command: [cc141270f0f0381b06c7c561e94c984c, findElement {using=xpath, value=(//a[contains(.,'Home')])[2]/span/img}]
Capabilities {acceptInsecureCerts: false, browserName: chrome, browserVersion: 99.0.4844.82, chrome: {chromedriverVersion: 99.0.4844.51 (d537ec02474b5..., userDataDir: C:\Users\mdnas\AppData\Loca...}, goog:chromeOptions: {debuggerAddress: localhost:50817}, javascriptEnabled: true, networkConnectionEnabled: false, pageLoadStrategy: normal, platform: WINDOWS, platformName: WINDOWS, proxy: Proxy(), se:cdp: ws://localhost:50817/devtoo..., se:cdpVersion: 99.0.4844.82, setWindowRect: true, strictFileInteractability: false, timeouts: {implicit: 0, pageLoad: 300000, script: 30000}, unhandledPromptBehavior: dismiss and notify, webauthn:extension:credBlob: true, webauthn:extension:largeBlob: true, webauthn:virtualAuthenticators: true}
Session ID: cc141270f0f0381b06c7c561e94c984c<br>]]>
            </line>
            <line>
              <![CDATA[[[ChromeDriver: chrome on WINDOWS (cc141270f0f0381b06c7c561e94c984c)] -> xpath: (//a[contains(.,'Property')])[1]] clicked<br>]]>
            </line>
            <line>
              <![CDATA[Actual value : Enter ZIP Code >>><<< Expected value : Enter ZIP Code<br>]]>
            </line>
            <line>
              <![CDATA[[[ChromeDriver: chrome on WINDOWS (cc141270f0f0381b06c7c561e94c984c)] -> xpath: (//input[@name='ZipCode'])[2]] clicked<br>]]>
            </line>
            <line>
              <![CDATA[[[ChromeDriver: chrome on WINDOWS (cc141270f0f0381b06c7c561e94c984c)] -> xpath: (//input[@name='ZipCode'])[2]] Text Value entered : 11411<br>]]>
            </line>
            <line>
              <![CDATA[[[ChromeDriver: chrome on WINDOWS (cc141270f0f0381b06c7c561e94c984c)] -> id: qsButton_overlay_subproducts] clicked<br>]]>
            </line>
          </reporter-output>
        </test-method> <!-- homeQuoteTesting -->
        <test-method status="PASS" signature="afterEachTest(org.testng.ITestResult)[pri:0, instance:progressive.qa.home.HomeQuoteTest@6c3f5566]" name="afterEachTest" is-config="true" duration-ms="996" started-at="2022-03-27T22:23:52 EDT" finished-at="2022-03-27T22:23:53 EDT">
          <params>
            <param index="0">
              <value>
                <![CDATA[[TestResult name=homeQuoteTesting status=FAILURE method=HomeQuoteTest.homeQuoteTesting()[pri:0, instance:progressive.qa.home.HomeQuoteTest@6c3f5566] output=Overlay Not Found<br>]]]>
              </value>
            </param>
          </params>
          <reporter-output>
            <line>
              <![CDATA[Error Occured!!! 
Screenshot has been saved here :C:\Users\mdnas\eclipse-workspace\progressive.qa\screenShots\homeQuoteTesting_03.27.2022_22.23.52_errorShot.png<br>]]>
            </line>
          </reporter-output>
        </test-method> <!-- afterEachTest -->
      </class> <!-- progressive.qa.home.HomeQuoteTest -->
      <class name="progressive.qa.auto.AutoQuoteWithExtentReport">
        <test-method status="PASS" signature="extentSetup()[pri:0, instance:progressive.qa.auto.AutoQuoteWithExtentReport@12405818]" name="extentSetup" is-config="true" duration-ms="2" started-at="2022-03-27T22:23:53 EDT" finished-at="2022-03-27T22:23:53 EDT">
          <reporter-output>
          </reporter-output>
        </test-method> <!-- extentSetup -->
        <test-method status="PASS" signature="beforeEachTest(java.lang.reflect.Method)[pri:0, instance:progressive.qa.auto.AutoQuoteWithExtentReport@12405818]" name="beforeEachTest" is-config="true" duration-ms="1" started-at="2022-03-27T22:23:53 EDT" finished-at="2022-03-27T22:23:53 EDT">
          <params>
            <param index="0">
              <value>
                <![CDATA[public void progressive.qa.auto.AutoQuoteWithExtentReport.test1()]]>
              </value>
            </param>
          </params>
          <reporter-output>
          </reporter-output>
        </test-method> <!-- beforeEachTest -->
        <test-method status="PASS" signature="setUp(java.lang.String,java.lang.String)[pri:0, instance:progressive.qa.auto.AutoQuoteWithExtentReport@12405818]" name="setUp" is-config="true" duration-ms="3233" started-at="2022-03-27T22:23:53 EDT" finished-at="2022-03-27T22:23:56 EDT">
          <params>
            <param index="0">
              <value>
                <![CDATA[chrome]]>
              </value>
            </param>
            <param index="1">
              <value>
                <![CDATA[default]]>
              </value>
            </param>
          </params>
          <reporter-output>
            <line>
              <![CDATA[My OS version is Windows 10<br>]]>
            </line>
          </reporter-output>
        </test-method> <!-- setUp -->
        <test-method status="PASS" signature="test1()[pri:0, instance:progressive.qa.auto.AutoQuoteWithExtentReport@12405818]" name="test1" duration-ms="1" started-at="2022-03-27T22:23:56 EDT" finished-at="2022-03-27T22:23:56 EDT">
          <reporter-output>
          </reporter-output>
        </test-method> <!-- test1 -->
        <test-method status="PASS" signature="afterEachTest(org.testng.ITestResult)[pri:0, instance:progressive.qa.auto.AutoQuoteWithExtentReport@12405818]" name="afterEachTest" is-config="true" duration-ms="699" started-at="2022-03-27T22:23:56 EDT" finished-at="2022-03-27T22:23:57 EDT">
          <params>
            <param index="0">
              <value>
                <![CDATA[[TestResult name=test1 status=SUCCESS method=AutoQuoteWithExtentReport.test1()[pri:0, instance:progressive.qa.auto.AutoQuoteWithExtentReport@12405818] output={null}]]]>
              </value>
            </param>
          </params>
          <reporter-output>
          </reporter-output>
        </test-method> <!-- afterEachTest -->
        <test-method status="PASS" signature="beforeEachTest(java.lang.reflect.Method)[pri:0, instance:progressive.qa.auto.AutoQuoteWithExtentReport@12405818]" name="beforeEachTest" is-config="true" duration-ms="2" started-at="2022-03-27T22:23:57 EDT" finished-at="2022-03-27T22:23:57 EDT">
          <params>
            <param index="0">
              <value>
                <![CDATA[public void progressive.qa.auto.AutoQuoteWithExtentReport.test2()]]>
              </value>
            </param>
          </params>
          <reporter-output>
          </reporter-output>
        </test-method> <!-- beforeEachTest -->
        <test-method status="PASS" signature="setUp(java.lang.String,java.lang.String)[pri:0, instance:progressive.qa.auto.AutoQuoteWithExtentReport@12405818]" name="setUp" is-config="true" duration-ms="4168" started-at="2022-03-27T22:23:57 EDT" finished-at="2022-03-27T22:24:01 EDT">
          <params>
            <param index="0">
              <value>
                <![CDATA[chrome]]>
              </value>
            </param>
            <param index="1">
              <value>
                <![CDATA[default]]>
              </value>
            </param>
          </params>
          <reporter-output>
            <line>
              <![CDATA[My OS version is Windows 10<br>]]>
            </line>
          </reporter-output>
        </test-method> <!-- setUp -->
        <test-method status="PASS" signature="test2()[pri:0, instance:progressive.qa.auto.AutoQuoteWithExtentReport@12405818]" name="test2" duration-ms="1" started-at="2022-03-27T22:24:01 EDT" finished-at="2022-03-27T22:24:01 EDT">
          <reporter-output>
          </reporter-output>
        </test-method> <!-- test2 -->
        <test-method status="PASS" signature="afterEachTest(org.testng.ITestResult)[pri:0, instance:progressive.qa.auto.AutoQuoteWithExtentReport@12405818]" name="afterEachTest" is-config="true" duration-ms="687" started-at="2022-03-27T22:24:01 EDT" finished-at="2022-03-27T22:24:02 EDT">
          <params>
            <param index="0">
              <value>
                <![CDATA[[TestResult name=test2 status=SUCCESS method=AutoQuoteWithExtentReport.test2()[pri:0, instance:progressive.qa.auto.AutoQuoteWithExtentReport@12405818] output={null}]]]>
              </value>
            </param>
          </params>
          <reporter-output>
          </reporter-output>
        </test-method> <!-- afterEachTest -->
        <test-method status="PASS" signature="finishReport()[pri:0, instance:progressive.qa.auto.AutoQuoteWithExtentReport@12405818]" name="finishReport" is-config="true" duration-ms="379" started-at="2022-03-27T22:24:02 EDT" finished-at="2022-03-27T22:24:02 EDT">
          <reporter-output>
          </reporter-output>
        </test-method> <!-- finishReport -->
      </class> <!-- progressive.qa.auto.AutoQuoteWithExtentReport -->
      <class name="progressive.qa.auto.AutoQuoteTest">
        <test-method status="PASS" signature="initiatinExtentReport()[pri:0, instance:progressive.qa.auto.AutoQuoteTest@6a79c292]" name="initiatinExtentReport" is-config="true" duration-ms="298" started-at="2022-03-27T22:22:55 EDT" finished-at="2022-03-27T22:22:56 EDT">
          <reporter-output>
          </reporter-output>
        </test-method> <!-- initiatinExtentReport -->
        <test-method status="PASS" signature="beforeEachTest(java.lang.reflect.Method)[pri:0, instance:progressive.qa.auto.AutoQuoteTest@6a79c292]" name="beforeEachTest" is-config="true" duration-ms="10" started-at="2022-03-27T22:22:56 EDT" finished-at="2022-03-27T22:22:56 EDT">
          <params>
            <param index="0">
              <value>
                <![CDATA[public void progressive.qa.auto.AutoQuoteTest.testMethodAuto()]]>
              </value>
            </param>
          </params>
          <reporter-output>
          </reporter-output>
        </test-method> <!-- beforeEachTest -->
        <test-method status="PASS" signature="setUp(java.lang.String,java.lang.String)[pri:0, instance:progressive.qa.auto.AutoQuoteTest@6a79c292]" name="setUp" is-config="true" duration-ms="5323" started-at="2022-03-27T22:22:56 EDT" finished-at="2022-03-27T22:23:01 EDT">
          <params>
            <param index="0">
              <value>
                <![CDATA[chrome]]>
              </value>
            </param>
            <param index="1">
              <value>
                <![CDATA[default]]>
              </value>
            </param>
          </params>
          <reporter-output>
            <line>
              <![CDATA[My OS version is Windows 10<br>]]>
            </line>
          </reporter-output>
        </test-method> <!-- setUp -->
        <test-method status="PASS" signature="testMethodAuto()[pri:0, instance:progressive.qa.auto.AutoQuoteTest@6a79c292]" name="testMethodAuto" duration-ms="6" started-at="2022-03-27T22:23:01 EDT" depends-on-methods="progressive.qa.auto.AutoQuoteTest.autoQuoteTesting" finished-at="2022-03-27T22:23:01 EDT">
          <reporter-output>
            <line>
              <![CDATA[this is an auto related test 0<br>]]>
            </line>
          </reporter-output>
        </test-method> <!-- testMethodAuto -->
        <test-method status="PASS" signature="afterEachTest(org.testng.ITestResult)[pri:0, instance:progressive.qa.auto.AutoQuoteTest@6a79c292]" name="afterEachTest" is-config="true" duration-ms="692" started-at="2022-03-27T22:23:01 EDT" finished-at="2022-03-27T22:23:02 EDT">
          <params>
            <param index="0">
              <value>
                <![CDATA[[TestResult name=testMethodAuto status=SUCCESS method=AutoQuoteTest.testMethodAuto()[pri:0, instance:progressive.qa.auto.AutoQuoteTest@6a79c292] output=this is an auto related test 0<br>]]]>
              </value>
            </param>
          </params>
          <reporter-output>
          </reporter-output>
        </test-method> <!-- afterEachTest -->
        <test-method status="PASS" signature="endReport()[pri:0, instance:progressive.qa.auto.AutoQuoteTest@6a79c292]" name="endReport" is-config="true" duration-ms="104" started-at="2022-03-27T22:24:02 EDT" finished-at="2022-03-27T22:24:02 EDT">
          <reporter-output>
          </reporter-output>
        </test-method> <!-- endReport -->
      </class> <!-- progressive.qa.auto.AutoQuoteTest -->
    </test> <!-- smoke -->
  </suite> <!-- SmokeSuite -->
</testng-results>
