<?xml version="1.0" encoding="UTF-8"?>
<!-- Generated by org.testng.reporters.JUnitReportReporter -->
<testsuite skipped="13" hostname="Nas" name="progressive.qa.auto.AutoQuoteTest" tests="14" failures="0" timestamp="2022-03-04T22:50:55 EST" time="-1646452224.000" errors="1">
  <testcase name="autoQuoteTestingWithIteratorDataProbider" time="0.010" classname="progressive.qa.auto.AutoQuoteTest">
    <skipped/>
  </testcase> <!-- autoQuoteTestingWithIteratorDataProbider -->
  <system-out/>
  <testcase name="autoQuoteTestingWithIterator2DataProbider" time="0.000" classname="progressive.qa.auto.AutoQuoteTest">
    <skipped/>
  </testcase> <!-- autoQuoteTestingWithIterator2DataProbider -->
  <system-out/>
  <testcase name="autoQuoteTestingWithExcelDataProbider" time="0.000" classname="progressive.qa.auto.AutoQuoteTest">
    <skipped/>
  </testcase> <!-- autoQuoteTestingWithExcelDataProbider -->
  <system-out/>
  <testcase name="autoQuoteTestingWithExcelDataProbider" time="0.000" classname="progressive.qa.auto.AutoQuoteTest">
    <skipped/>
  </testcase> <!-- autoQuoteTestingWithExcelDataProbider -->
  <system-out/>
  <testcase name="autoQuoteTestingWithIterator2DataProbider" time="0.000" classname="progressive.qa.auto.AutoQuoteTest">
    <skipped/>
  </testcase> <!-- autoQuoteTestingWithIterator2DataProbider -->
  <system-out/>
  <testcase name="testMethodAuto" time="0.000" classname="progressive.qa.auto.AutoQuoteTest">
    <skipped/>
  </testcase> <!-- testMethodAuto -->
  <system-out/>
  <testcase name="testMethodAuto1" time="0.000" classname="progressive.qa.auto.AutoQuoteTest">
    <skipped/>
  </testcase> <!-- testMethodAuto1 -->
  <system-out/>
  <testcase name="autoQuoteTestingWithExcelDataProbider" time="0.000" classname="progressive.qa.auto.AutoQuoteTest">
    <skipped/>
  </testcase> <!-- autoQuoteTestingWithExcelDataProbider -->
  <system-out/>
  <testcase name="autoQuoteTestingWithExcelDataProbider" time="0.000" classname="progressive.qa.auto.AutoQuoteTest">
    <skipped/>
  </testcase> <!-- autoQuoteTestingWithExcelDataProbider -->
  <system-out/>
  <testcase name="setUp" time="-1646452224.000" classname="progressive.qa.auto.AutoQuoteTest">
    <error type="org.testng.TestNGException" message="
Parameter &#039;browser&#039; is required by BeforeMethod on method setUp but has not been marked @Optional or defined
">
      <![CDATA[org.testng.TestNGException: 
Parameter 'browser' is required by BeforeMethod on method setUp but has not been marked @Optional or defined

at org.testng.internal.Parameters.createParams(Parameters.java:267)
at org.testng.internal.Parameters.createParametersForMethod(Parameters.java:355)
at org.testng.internal.Parameters.createParameters(Parameters.java:660)
at org.testng.internal.Parameters.createConfigurationParameters(Parameters.java:166)
at org.testng.internal.invokers.ConfigInvoker.invokeConfigurations(ConfigInvoker.java:300)
at org.testng.internal.invokers.TestInvoker.runConfigMethods(TestInvoker.java:803)
at org.testng.internal.invokers.TestInvoker.invokeMethod(TestInvoker.java:589)
at org.testng.internal.invokers.TestInvoker.invokeTestMethod(TestInvoker.java:220)
at org.testng.internal.invokers.MethodRunner.runInSequence(MethodRunner.java:50)
at org.testng.internal.invokers.TestInvoker$MethodInvocationAgent.invoke(TestInvoker.java:945)
at org.testng.internal.invokers.TestInvoker.invokeTestMethods(TestInvoker.java:193)
at org.testng.internal.invokers.TestMethodWorker.invokeTestMethods(TestMethodWorker.java:146)
at org.testng.internal.invokers.TestMethodWorker.run(TestMethodWorker.java:128)
at java.util.ArrayList.forEach(ArrayList.java:1259)
at org.testng.TestRunner.privateRun(TestRunner.java:808)
at org.testng.TestRunner.run(TestRunner.java:603)
at org.testng.SuiteRunner.runTest(SuiteRunner.java:429)
at org.testng.SuiteRunner.runSequentially(SuiteRunner.java:423)
at org.testng.SuiteRunner.privateRun(SuiteRunner.java:383)
at org.testng.SuiteRunner.run(SuiteRunner.java:326)
at org.testng.SuiteRunnerWorker.runSuite(SuiteRunnerWorker.java:52)
at org.testng.SuiteRunnerWorker.run(SuiteRunnerWorker.java:95)
at org.testng.TestNG.runSuitesSequentially(TestNG.java:1249)
at org.testng.TestNG.runSuitesLocally(TestNG.java:1169)
at org.testng.TestNG.runSuites(TestNG.java:1092)
at org.testng.TestNG.run(TestNG.java:1060)
at org.apache.maven.surefire.testng.TestNGExecutor.run(TestNGExecutor.java:136)
at org.apache.maven.surefire.testng.TestNGDirectoryTestSuite.executeMulti(TestNGDirectoryTestSuite.java:193)
at org.apache.maven.surefire.testng.TestNGDirectoryTestSuite.execute(TestNGDirectoryTestSuite.java:94)
at org.apache.maven.surefire.testng.TestNGProvider.invoke(TestNGProvider.java:145)
at org.apache.maven.surefire.booter.ForkedBooter.runSuitesInProcess(ForkedBooter.java:428)
at org.apache.maven.surefire.booter.ForkedBooter.execute(ForkedBooter.java:162)
at org.apache.maven.surefire.booter.ForkedBooter.run(ForkedBooter.java:562)
at org.apache.maven.surefire.booter.ForkedBooter.main(ForkedBooter.java:548)
]]>
    </error>
  </testcase> <!-- setUp -->
  <system-out/>
  <testcase name="autoQuoteTestingWithIterator2DataProbider" time="0.000" classname="progressive.qa.auto.AutoQuoteTest">
    <skipped/>
  </testcase> <!-- autoQuoteTestingWithIterator2DataProbider -->
  <system-out>
    <![CDATA[Name & Birthdate<br>
Name & Birthdate<br>
Name & Birthdate<br>]]>
  </system-out>
  <testcase name="autoQuoteTestingWithIteratorDataProbider" time="0.000" classname="progressive.qa.auto.AutoQuoteTest">
    <skipped/>
  </testcase> <!-- autoQuoteTestingWithIteratorDataProbider -->
  <system-out/>
  <testcase name="autoQuoteTestingWithIteratorDataProbider" time="0.000" classname="progressive.qa.auto.AutoQuoteTest">
    <skipped/>
  </testcase> <!-- autoQuoteTestingWithIteratorDataProbider -->
  <system-out/>
  <testcase name="autoQuoteTesting" time="0.000" classname="progressive.qa.auto.AutoQuoteTest">
    <skipped/>
  </testcase> <!-- autoQuoteTesting -->
  <system-out/>
</testsuite> <!-- progressive.qa.auto.AutoQuoteTest -->
